2018-07-19 23:12:28,543 [ModalContext] INFO  o.e.m.c.i.e.AbstractTransferListenerAdapter - Downloading http://repo.maven.apache.org/maven2/org/apache/maven/archetypes/maven-archetype-quickstart/maven-metadata.xml
2018-07-19 23:12:29,192 [ModalContext] INFO  o.e.m.c.i.e.AbstractTransferListenerAdapter - Downloaded http://repo.maven.apache.org/maven2/org/apache/maven/archetypes/maven-archetype-quickstart/maven-metadata.xml
2018-07-19 23:12:29,530 [ModalContext] INFO  o.e.m.c.i.e.AbstractTransferListenerAdapter - Downloading http://repo.maven.apache.org/maven2/org/apache/maven/archetypes/maven-archetype-quickstart/1.3/maven-archetype-quickstart-1.3.jar
2018-07-19 23:12:30,238 [ModalContext] INFO  o.e.m.c.i.e.AbstractTransferListenerAdapter - Downloaded http://repo.maven.apache.org/maven2/org/apache/maven/archetypes/maven-archetype-quickstart/1.3/maven-archetype-quickstart-1.3.jar
2018-07-19 23:12:44,585 [Worker-1] INFO  o.e.m.c.i.e.AbstractTransferListenerAdapter - Downloading http://repo.maven.apache.org/maven2/org/apache/maven/archetypes/maven-archetype-quickstart/1.3/maven-archetype-quickstart-1.3.pom
2018-07-19 23:12:45,277 [Worker-1] INFO  o.e.m.c.i.e.AbstractTransferListenerAdapter - Downloaded http://repo.maven.apache.org/maven2/org/apache/maven/archetypes/maven-archetype-quickstart/1.3/maven-archetype-quickstart-1.3.pom
2018-07-19 23:12:45,411 [pool-2-thread-1] INFO  o.e.m.c.i.e.AbstractTransferListenerAdapter - Downloaded file:///C:/Users/Venkat/.m2/repository/org/apache/maven/archetypes/maven-archetype-quickstart/1.3/maven-archetype-quickstart-1.3.jar
2018-07-19 23:12:45,564 [Worker-1] INFO  o.e.m.c.i.p.ProjectConfigurationManager - Collecting project info '/pom.xml' G:\Git Code\test\com.venkat\pom.xml
2018-07-19 23:12:48,194 [Worker-1] INFO  o.e.m.c.i.e.AbstractTransferListenerAdapter - Downloading http://repo.maven.apache.org/maven2/org/apache/maven/plugins/maven-resources-plugin/3.0.2/maven-resources-plugin-3.0.2.jar
2018-07-19 23:12:49,526 [Worker-1] INFO  o.e.m.c.i.e.AbstractTransferListenerAdapter - Downloaded http://repo.maven.apache.org/maven2/org/apache/maven/plugins/maven-resources-plugin/3.0.2/maven-resources-plugin-3.0.2.jar
2018-07-19 23:12:50,655 [Worker-1] INFO  o.e.m.c.i.e.AbstractTransferListenerAdapter - Downloading http://repo.maven.apache.org/maven2/org/apache/maven/plugins/maven-surefire-plugin/2.20.1/maven-surefire-plugin-2.20.1.jar
2018-07-19 23:12:52,179 [Worker-1] INFO  o.e.m.c.i.e.AbstractTransferListenerAdapter - Downloaded http://repo.maven.apache.org/maven2/org/apache/maven/plugins/maven-surefire-plugin/2.20.1/maven-surefire-plugin-2.20.1.jar
2018-07-19 23:13:01,296 [Worker-1] INFO  o.e.m.c.i.l.LifecycleMappingFactory - Using org.eclipse.m2e.jdt.JarLifecycleMapping lifecycle mapping for MavenProject: com.venkat:com.venkat:0.0.1-SNAPSHOT @ G:\Git Code\test\com.venkat\pom.xml.
2018-07-19 23:13:02,750 [Worker-1] INFO  o.e.m.c.i.e.AbstractTransferListenerAdapter - Downloading http://repo.maven.apache.org/maven2/org/apache/maven/plugins/maven-resources-plugin/3.0.2/maven-resources-plugin-3.0.2.pom
2018-07-19 23:13:03,815 [Worker-1] INFO  o.e.m.c.i.e.AbstractTransferListenerAdapter - Downloaded http://repo.maven.apache.org/maven2/org/apache/maven/plugins/maven-resources-plugin/3.0.2/maven-resources-plugin-3.0.2.pom
2018-07-19 23:13:05,451 [Worker-1] INFO  o.e.m.c.i.e.AbstractTransferListenerAdapter - Downloading http://repo.maven.apache.org/maven2/org/codehaus/plexus/plexus-interpolation/1.24/plexus-interpolation-1.24.pom
2018-07-19 23:13:06,278 [Worker-1] INFO  o.e.m.c.i.e.AbstractTransferListenerAdapter - Downloaded http://repo.maven.apache.org/maven2/org/codehaus/plexus/plexus-interpolation/1.24/plexus-interpolation-1.24.pom
2018-07-19 23:13:06,764 [Worker-1] INFO  o.e.m.c.i.e.AbstractTransferListenerAdapter - Downloading http://repo.maven.apache.org/maven2/org/codehaus/plexus/plexus-interpolation/1.24/plexus-interpolation-1.24.jar
2018-07-19 23:13:07,935 [Worker-1] INFO  o.e.m.c.i.e.AbstractTransferListenerAdapter - Downloaded http://repo.maven.apache.org/maven2/org/codehaus/plexus/plexus-interpolation/1.24/plexus-interpolation-1.24.jar
2018-07-19 23:13:09,080 [Worker-6] INFO  o.e.m.c.i.l.LifecycleMappingFactory - Using org.eclipse.m2e.jdt.JarLifecycleMapping lifecycle mapping for MavenProject: com.venkat:com.venkat:0.0.1-SNAPSHOT @ G:\Git Code\test\com.venkat\pom.xml.
2018-07-19 23:13:09,101 [Worker-1] INFO  o.e.m.j.i.AbstractJavaProjectConfigurator - Adding source folder /com.venkat/src/main/java
2018-07-19 23:13:09,118 [Worker-1] INFO  o.e.m.j.i.AbstractJavaProjectConfigurator - Adding source folder /com.venkat/src/test/java
2018-07-19 23:13:09,745 [Worker-1] INFO  o.e.m.c.i.p.ProjectConfigurationManager - Imported and configured 1 project(s) in 24 sec
2018-07-19 23:13:11,632 [Worker-2] INFO  o.e.m.c.i.l.LifecycleMappingFactory - Using org.eclipse.m2e.jdt.JarLifecycleMapping lifecycle mapping for MavenProject: com.venkat:com.venkat:0.0.1-SNAPSHOT @ G:\Git Code\test\com.venkat\pom.xml.
2018-07-19 23:13:11,989 [Worker-2] INFO  o.e.m.c.i.embedder.EclipseLogger - Using 'UTF-8' encoding to copy filtered resources.
2018-07-19 23:13:11,990 [Worker-2] INFO  o.e.m.c.i.embedder.EclipseLogger - skip non existing resourceDirectory G:\Git Code\test\com.venkat\src\main\resources
2018-07-19 23:13:11,997 [Worker-2] INFO  o.e.m.c.i.embedder.EclipseLogger - Using 'UTF-8' encoding to copy filtered resources.
2018-07-19 23:13:11,997 [Worker-2] INFO  o.e.m.c.i.embedder.EclipseLogger - skip non existing resourceDirectory G:\Git Code\test\com.venkat\src\test\resources
2018-07-19 23:18:37,936 [Worker-3] INFO  o.e.m.c.i.embedder.EclipseLogger - Using 'UTF-8' encoding to copy filtered resources.
2018-07-19 23:18:37,937 [Worker-3] INFO  o.e.m.c.i.embedder.EclipseLogger - skip non existing resourceDirectory G:\Git Code\test\com.venkat\src\main\resources
2018-07-19 23:18:37,939 [Worker-3] INFO  o.e.m.c.i.embedder.EclipseLogger - Using 'UTF-8' encoding to copy filtered resources.
2018-07-19 23:18:37,939 [Worker-3] INFO  o.e.m.c.i.embedder.EclipseLogger - skip non existing resourceDirectory G:\Git Code\test\com.venkat\src\test\resources
2018-07-19 23:19:28,303 [Worker-4] INFO  o.e.m.c.i.embedder.EclipseLogger - Using 'UTF-8' encoding to copy filtered resources.
2018-07-19 23:19:28,303 [Worker-4] INFO  o.e.m.c.i.embedder.EclipseLogger - skip non existing resourceDirectory G:\Git Code\test\com.venkat\src\main\resources
2018-07-19 23:19:28,304 [Worker-4] INFO  o.e.m.c.i.embedder.EclipseLogger - Using 'UTF-8' encoding to copy filtered resources.
2018-07-19 23:19:28,304 [Worker-4] INFO  o.e.m.c.i.embedder.EclipseLogger - skip non existing resourceDirectory G:\Git Code\test\com.venkat\src\test\resources
2018-07-19 23:19:40,406 [Worker-6] INFO  o.e.m.c.i.embedder.EclipseLogger - Using 'UTF-8' encoding to copy filtered resources.
2018-07-19 23:19:40,407 [Worker-6] INFO  o.e.m.c.i.embedder.EclipseLogger - skip non existing resourceDirectory G:\Git Code\test\com.venkat\src\main\resources
2018-07-19 23:19:40,410 [Worker-6] INFO  o.e.m.c.i.embedder.EclipseLogger - Using 'UTF-8' encoding to copy filtered resources.
2018-07-19 23:19:40,410 [Worker-6] INFO  o.e.m.c.i.embedder.EclipseLogger - skip non existing resourceDirectory G:\Git Code\test\com.venkat\src\test\resources
2018-07-19 23:19:51,949 [Worker-2] INFO  o.e.m.c.i.embedder.EclipseLogger - Using 'UTF-8' encoding to copy filtered resources.
2018-07-19 23:19:51,950 [Worker-2] INFO  o.e.m.c.i.embedder.EclipseLogger - skip non existing resourceDirectory G:\Git Code\test\com.venkat\src\main\resources
2018-07-19 23:19:51,954 [Worker-2] INFO  o.e.m.c.i.embedder.EclipseLogger - Using 'UTF-8' encoding to copy filtered resources.
2018-07-19 23:19:51,955 [Worker-2] INFO  o.e.m.c.i.embedder.EclipseLogger - skip non existing resourceDirectory G:\Git Code\test\com.venkat\src\test\resources
2018-07-19 23:20:00,045 [Worker-1] INFO  o.e.m.c.i.embedder.EclipseLogger - Using 'UTF-8' encoding to copy filtered resources.
2018-07-19 23:20:00,045 [Worker-1] INFO  o.e.m.c.i.embedder.EclipseLogger - skip non existing resourceDirectory G:\Git Code\test\com.venkat\src\main\resources
2018-07-19 23:20:00,047 [Worker-1] INFO  o.e.m.c.i.embedder.EclipseLogger - Using 'UTF-8' encoding to copy filtered resources.
2018-07-19 23:20:00,048 [Worker-1] INFO  o.e.m.c.i.embedder.EclipseLogger - skip non existing resourceDirectory G:\Git Code\test\com.venkat\src\test\resources
2018-07-19 23:24:07,596 [Worker-3] INFO  o.e.m.c.i.embedder.EclipseLogger - Using 'UTF-8' encoding to copy filtered resources.
2018-07-19 23:24:07,597 [Worker-3] INFO  o.e.m.c.i.embedder.EclipseLogger - skip non existing resourceDirectory G:\Git Code\test\com.venkat\src\main\resources
2018-07-19 23:24:07,600 [Worker-3] INFO  o.e.m.c.i.embedder.EclipseLogger - Using 'UTF-8' encoding to copy filtered resources.
2018-07-19 23:24:07,601 [Worker-3] INFO  o.e.m.c.i.embedder.EclipseLogger - skip non existing resourceDirectory G:\Git Code\test\com.venkat\src\test\resources
2018-07-19 23:26:33,681 [Worker-7] INFO  o.e.m.c.i.embedder.EclipseLogger - Using 'UTF-8' encoding to copy filtered resources.
2018-07-19 23:26:33,681 [Worker-7] INFO  o.e.m.c.i.embedder.EclipseLogger - skip non existing resourceDirectory G:\Git Code\test\com.venkat\src\main\resources
2018-07-19 23:26:33,685 [Worker-7] INFO  o.e.m.c.i.embedder.EclipseLogger - Using 'UTF-8' encoding to copy filtered resources.
2018-07-19 23:26:33,685 [Worker-7] INFO  o.e.m.c.i.embedder.EclipseLogger - skip non existing resourceDirectory G:\Git Code\test\com.venkat\src\test\resources
2018-07-19 23:27:09,425 [Worker-1] INFO  o.e.m.c.i.embedder.EclipseLogger - Using 'UTF-8' encoding to copy filtered resources.
2018-07-19 23:27:09,426 [Worker-1] INFO  o.e.m.c.i.embedder.EclipseLogger - skip non existing resourceDirectory G:\Git Code\test\com.venkat\src\main\resources
2018-07-19 23:27:09,430 [Worker-1] INFO  o.e.m.c.i.embedder.EclipseLogger - Using 'UTF-8' encoding to copy filtered resources.
2018-07-19 23:27:09,431 [Worker-1] INFO  o.e.m.c.i.embedder.EclipseLogger - skip non existing resourceDirectory G:\Git Code\test\com.venkat\src\test\resources
2018-07-19 23:27:26,296 [Worker-0] INFO  o.e.m.i.launch.MavenLaunchDelegate - G:\Git Code\test\com.venkat
2018-07-19 23:27:26,296 [Worker-0] INFO  o.e.m.i.launch.MavenLaunchDelegate -  mvn  -B clean
2018-07-19 23:27:29,104 [Worker-2] INFO  o.e.m.c.i.embedder.EclipseLogger - Using 'UTF-8' encoding to copy filtered resources.
2018-07-19 23:27:29,104 [Worker-2] INFO  o.e.m.c.i.embedder.EclipseLogger - skip non existing resourceDirectory G:\Git Code\test\com.venkat\src\main\resources
2018-07-19 23:27:29,106 [Worker-2] INFO  o.e.m.c.i.embedder.EclipseLogger - Using 'UTF-8' encoding to copy filtered resources.
2018-07-19 23:27:29,107 [Worker-2] INFO  o.e.m.c.i.embedder.EclipseLogger - skip non existing resourceDirectory G:\Git Code\test\com.venkat\src\test\resources
2018-07-19 23:27:37,500 [main] INFO  o.e.m2e.actions.ExecutePomAction - Creating new launch configuration
2018-07-19 23:27:55,741 [main] INFO  o.e.m2e.actions.ExecutePomAction - Using existing launch configuration
2018-07-19 23:28:02,906 [Worker-7] INFO  o.e.m.i.launch.MavenLaunchDelegate - G:\Git Code\test\com.venkat
2018-07-19 23:28:02,906 [Worker-7] INFO  o.e.m.i.launch.MavenLaunchDelegate -  mvn  -B clean:install
2018-07-19 23:28:34,503 [main] INFO  o.e.m2e.actions.ExecutePomAction - Using existing launch configuration
2018-07-19 23:28:34,630 [Worker-6] INFO  o.e.m.i.launch.MavenLaunchDelegate - G:\Git Code\test\com.venkat
2018-07-19 23:28:34,631 [Worker-6] INFO  o.e.m.i.launch.MavenLaunchDelegate -  mvn  -B clean:install
2018-07-19 23:28:44,012 [main] INFO  o.e.m2e.actions.ExecutePomAction - Creating new launch configuration
2018-07-19 23:28:56,011 [Worker-3] INFO  o.e.m.i.launch.MavenLaunchDelegate - G:\Git Code\test\com.venkat
2018-07-19 23:28:56,012 [Worker-3] INFO  o.e.m.i.launch.MavenLaunchDelegate -  mvn  -B clean install
2018-07-19 23:33:16,898 [Worker-2] INFO  o.e.m.c.i.embedder.EclipseLogger - Using 'UTF-8' encoding to copy filtered resources.
2018-07-19 23:33:16,898 [Worker-2] INFO  o.e.m.c.i.embedder.EclipseLogger - skip non existing resourceDirectory G:\Git Code\test\com.venkat\src\main\resources
2018-07-19 23:33:16,900 [Worker-2] INFO  o.e.m.c.i.embedder.EclipseLogger - Using 'UTF-8' encoding to copy filtered resources.
2018-07-19 23:33:16,900 [Worker-2] INFO  o.e.m.c.i.embedder.EclipseLogger - skip non existing resourceDirectory G:\Git Code\test\com.venkat\src\test\resources
2018-07-19 23:33:21,118 [Worker-0] INFO  o.e.m.i.launch.MavenLaunchDelegate - G:\Git Code\test\com.venkat
2018-07-19 23:33:21,118 [Worker-0] INFO  o.e.m.i.launch.MavenLaunchDelegate -  mvn  -B clean
2018-07-19 23:33:25,028 [Worker-6] INFO  o.e.m.c.i.embedder.EclipseLogger - Using 'UTF-8' encoding to copy filtered resources.
2018-07-19 23:33:25,029 [Worker-6] INFO  o.e.m.c.i.embedder.EclipseLogger - skip non existing resourceDirectory G:\Git Code\test\com.venkat\src\main\resources
2018-07-19 23:33:25,033 [Worker-6] INFO  o.e.m.c.i.embedder.EclipseLogger - Using 'UTF-8' encoding to copy filtered resources.
2018-07-19 23:33:25,034 [Worker-6] INFO  o.e.m.c.i.embedder.EclipseLogger - skip non existing resourceDirectory G:\Git Code\test\com.venkat\src\test\resources
2018-07-19 23:33:32,476 [main] INFO  o.e.m2e.actions.ExecutePomAction - Creating new launch configuration
2018-07-19 23:33:39,486 [Worker-0] INFO  o.e.m.i.launch.MavenLaunchDelegate - G:\Git Code\test\com.venkat
2018-07-19 23:33:39,487 [Worker-0] INFO  o.e.m.i.launch.MavenLaunchDelegate -  mvn  -B clean install
2018-07-19 23:40:02,438 [Worker-1] INFO  o.e.m.c.i.embedder.EclipseLogger - Using 'UTF-8' encoding to copy filtered resources.
2018-07-19 23:40:02,439 [Worker-1] INFO  o.e.m.c.i.embedder.EclipseLogger - skip non existing resourceDirectory G:\Git Code\test\com.venkat\src\main\resources
2018-07-19 23:40:02,441 [Worker-1] INFO  o.e.m.c.i.embedder.EclipseLogger - Using 'UTF-8' encoding to copy filtered resources.
2018-07-19 23:40:02,441 [Worker-1] INFO  o.e.m.c.i.embedder.EclipseLogger - skip non existing resourceDirectory G:\Git Code\test\com.venkat\src\test\resources
